2018-07-16 21:55:02.661  INFO 6384 --- [restartedMain] cn.edu.iip.nju.ZhijianjuApplication      : Starting ZhijianjuApplication on DESKTOP-HOKA2FS with PID 6384 (started by yajima in C:\Users\yajima\Documents\个人文档\zhijianju\ZJWebApp)
2018-07-16 21:55:02.661  INFO 6384 --- [restartedMain] cn.edu.iip.nju.ZhijianjuApplication      : No active profile set, falling back to default profiles: default
2018-07-16 21:55:02.973  INFO 6384 --- [restartedMain] ationConfigEmbeddedWebApplicationContext : Refreshing org.springframework.boot.context.embedded.AnnotationConfigEmbeddedWebApplicationContext@7d394f76: startup date [Mon Jul 16 21:55:02 CST 2018]; root of context hierarchy
2018-07-16 21:55:04.254  INFO 6384 --- [restartedMain] o.s.b.f.s.DefaultListableBeanFactory     : Overriding bean definition for bean 'customUserDetailsService' with a different definition: replacing [Generic bean: class [cn.edu.iip.nju.service.CustomUserDetailsService]; scope=singleton; abstract=false; lazyInit=false; autowireMode=0; dependencyCheck=0; autowireCandidate=true; primary=false; factoryBeanName=null; factoryMethodName=null; initMethodName=null; destroyMethodName=null; defined in file [C:\Users\yajima\Documents\个人文档\zhijianju\ZJWebApp\target\classes\cn\edu\iip\nju\service\CustomUserDetailsService.class]] with [Root bean: class [null]; scope=; abstract=false; lazyInit=false; autowireMode=3; dependencyCheck=0; autowireCandidate=true; primary=false; factoryBeanName=securityConfig; factoryMethodName=customUserDetailsService; initMethodName=null; destroyMethodName=(inferred); defined in class path resource [cn/edu/iip/nju/config/SecurityConfig.class]]
2018-07-16 21:55:04.489  INFO 6384 --- [restartedMain] .s.d.r.c.RepositoryConfigurationDelegate : Multiple Spring Data modules found, entering strict repository configuration mode!
2018-07-16 21:55:04.567  INFO 6384 --- [restartedMain] .RepositoryConfigurationExtensionSupport : Spring Data JPA - Could not safely identify store assignment for repository candidate interface cn.edu.iip.nju.dao.SolrDocumentDao.
2018-07-16 21:55:04.645  INFO 6384 --- [restartedMain] .s.d.r.c.RepositoryConfigurationDelegate : Multiple Spring Data modules found, entering strict repository configuration mode!
2018-07-16 21:55:04.707  INFO 6384 --- [restartedMain] .RepositoryConfigurationExtensionSupport : Spring Data Redis - Could not safely identify store assignment for repository candidate interface cn.edu.iip.nju.dao.NewsDataDao.
2018-07-16 21:55:04.707  INFO 6384 --- [restartedMain] .RepositoryConfigurationExtensionSupport : Spring Data Redis - Could not safely identify store assignment for repository candidate interface cn.edu.iip.nju.dao.AttachmentDataDao.
2018-07-16 21:55:04.707  INFO 6384 --- [restartedMain] .RepositoryConfigurationExtensionSupport : Spring Data Redis - Could not safely identify store assignment for repository candidate interface cn.edu.iip.nju.dao.CompanyNegativeListDao.
2018-07-16 21:55:04.707  INFO 6384 --- [restartedMain] .RepositoryConfigurationExtensionSupport : Spring Data Redis - Could not safely identify store assignment for repository candidate interface cn.edu.iip.nju.dao.InjureCaseDao.
2018-07-16 21:55:04.707  INFO 6384 --- [restartedMain] .RepositoryConfigurationExtensionSupport : Spring Data Redis - Could not safely identify store assignment for repository candidate interface cn.edu.iip.nju.dao.UserDao.
2018-07-16 21:55:04.707  INFO 6384 --- [restartedMain] .RepositoryConfigurationExtensionSupport : Spring Data Redis - Could not safely identify store assignment for repository candidate interface cn.edu.iip.nju.dao.SolrDocumentDao.
2018-07-16 21:55:04.723  INFO 6384 --- [restartedMain] .RepositoryConfigurationExtensionSupport : Spring Data Redis - Could not safely identify store assignment for repository candidate interface cn.edu.iip.nju.dao.WebDataDao.
2018-07-16 21:55:04.723  INFO 6384 --- [restartedMain] .RepositoryConfigurationExtensionSupport : Spring Data Redis - Could not safely identify store assignment for repository candidate interface cn.edu.iip.nju.dao.HospitalDataDao.
2018-07-16 21:55:04.723  INFO 6384 --- [restartedMain] .RepositoryConfigurationExtensionSupport : Spring Data Redis - Could not safely identify store assignment for repository candidate interface cn.edu.iip.nju.dao.UserSearchHistoryDao.
2018-07-16 21:55:04.739  INFO 6384 --- [restartedMain] .s.d.r.c.RepositoryConfigurationDelegate : Multiple Spring Data modules found, entering strict repository configuration mode!
2018-07-16 21:55:04.786  INFO 6384 --- [restartedMain] .RepositoryConfigurationExtensionSupport : Spring Data Solr - Could not safely identify store assignment for repository candidate interface cn.edu.iip.nju.dao.NewsDataDao.
2018-07-16 21:55:04.786  INFO 6384 --- [restartedMain] .RepositoryConfigurationExtensionSupport : Spring Data Solr - Could not safely identify store assignment for repository candidate interface cn.edu.iip.nju.dao.AttachmentDataDao.
2018-07-16 21:55:04.786  INFO 6384 --- [restartedMain] .RepositoryConfigurationExtensionSupport : Spring Data Solr - Could not safely identify store assignment for repository candidate interface cn.edu.iip.nju.dao.CompanyNegativeListDao.
2018-07-16 21:55:04.786  INFO 6384 --- [restartedMain] .RepositoryConfigurationExtensionSupport : Spring Data Solr - Could not safely identify store assignment for repository candidate interface cn.edu.iip.nju.dao.InjureCaseDao.
2018-07-16 21:55:04.801  INFO 6384 --- [restartedMain] .RepositoryConfigurationExtensionSupport : Spring Data Solr - Could not safely identify store assignment for repository candidate interface cn.edu.iip.nju.dao.UserDao.
2018-07-16 21:55:04.801  INFO 6384 --- [restartedMain] .RepositoryConfigurationExtensionSupport : Spring Data Solr - Could not safely identify store assignment for repository candidate interface cn.edu.iip.nju.dao.WebDataDao.
2018-07-16 21:55:04.801  INFO 6384 --- [restartedMain] .RepositoryConfigurationExtensionSupport : Spring Data Solr - Could not safely identify store assignment for repository candidate interface cn.edu.iip.nju.dao.HospitalDataDao.
2018-07-16 21:55:04.801  INFO 6384 --- [restartedMain] .RepositoryConfigurationExtensionSupport : Spring Data Solr - Could not safely identify store assignment for repository candidate interface cn.edu.iip.nju.dao.UserSearchHistoryDao.
2018-07-16 21:55:06.238  INFO 6384 --- [restartedMain] s.b.c.e.t.TomcatEmbeddedServletContainer : Tomcat initialized with port(s): 8889 (http)
2018-07-16 21:55:06.254  INFO 6384 --- [restartedMain] o.apache.catalina.core.StandardService   : Starting service [Tomcat]
2018-07-16 21:55:06.254  INFO 6384 --- [restartedMain] org.apache.catalina.core.StandardEngine  : Starting Servlet Engine: Apache Tomcat/8.5.16
2018-07-16 21:55:06.395  INFO 6384 --- [localhost-startStop-1] o.a.c.c.C.[Tomcat].[localhost].[/]       : Initializing Spring embedded WebApplicationContext
2018-07-16 21:55:06.410  INFO 6384 --- [localhost-startStop-1] o.s.web.context.ContextLoader            : Root WebApplicationContext: initialization completed in 3452 ms
2018-07-16 21:55:06.629  INFO 6384 --- [localhost-startStop-1] o.s.b.w.servlet.FilterRegistrationBean   : Mapping filter: 'characterEncodingFilter' to: [/*]
2018-07-16 21:55:06.629  INFO 6384 --- [localhost-startStop-1] o.s.b.w.servlet.FilterRegistrationBean   : Mapping filter: 'hiddenHttpMethodFilter' to: [/*]
2018-07-16 21:55:06.629  INFO 6384 --- [localhost-startStop-1] o.s.b.w.servlet.FilterRegistrationBean   : Mapping filter: 'httpPutFormContentFilter' to: [/*]
2018-07-16 21:55:06.629  INFO 6384 --- [localhost-startStop-1] o.s.b.w.servlet.FilterRegistrationBean   : Mapping filter: 'requestContextFilter' to: [/*]
2018-07-16 21:55:06.629  INFO 6384 --- [localhost-startStop-1] .s.DelegatingFilterProxyRegistrationBean : Mapping filter: 'springSecurityFilterChain' to: [/*]
2018-07-16 21:55:06.644  INFO 6384 --- [localhost-startStop-1] o.s.b.w.servlet.ServletRegistrationBean  : Mapping servlet: 'dispatcherServlet' to [/]
2018-07-16 21:55:07.426  INFO 6384 --- [restartedMain] j.LocalContainerEntityManagerFactoryBean : Building JPA container EntityManagerFactory for persistence unit 'default'
2018-07-16 21:55:07.441  INFO 6384 --- [restartedMain] o.hibernate.jpa.internal.util.LogHelper  : HHH000204: Processing PersistenceUnitInfo [
	name: default
	...]
2018-07-16 21:55:07.551  INFO 6384 --- [restartedMain] org.hibernate.Version                    : HHH000412: Hibernate Core {5.0.12.Final}
2018-07-16 21:55:07.551  INFO 6384 --- [restartedMain] org.hibernate.cfg.Environment            : HHH000206: hibernate.properties not found
2018-07-16 21:55:07.551  INFO 6384 --- [restartedMain] org.hibernate.cfg.Environment            : HHH000021: Bytecode provider name : javassist
2018-07-16 21:55:07.613  INFO 6384 --- [restartedMain] o.hibernate.annotations.common.Version   : HCANN000001: Hibernate Commons Annotations {5.0.1.Final}
2018-07-16 21:55:07.800  INFO 6384 --- [restartedMain] org.hibernate.dialect.Dialect            : HHH000400: Using dialect: org.hibernate.dialect.MySQL5Dialect
2018-07-16 21:55:08.363  INFO 6384 --- [restartedMain] org.hibernate.tool.hbm2ddl.SchemaUpdate  : HHH000228: Running hbm2ddl schema update
2018-07-16 21:55:08.707  INFO 6384 --- [restartedMain] j.LocalContainerEntityManagerFactoryBean : Initialized JPA EntityManagerFactory for persistence unit 'default'
2018-07-16 21:55:09.394  INFO 6384 --- [restartedMain] o.h.h.i.QueryTranslatorFactoryInitiator  : HHH000397: Using ASTQueryTranslatorFactory
2018-07-16 21:55:10.144  INFO 6384 --- [restartedMain] s.w.s.m.m.a.RequestMappingHandlerAdapter : Looking for @ControllerAdvice: org.springframework.boot.context.embedded.AnnotationConfigEmbeddedWebApplicationContext@7d394f76: startup date [Mon Jul 16 21:55:02 CST 2018]; root of context hierarchy
2018-07-16 21:55:10.675  INFO 6384 --- [restartedMain] o.s.s.web.DefaultSecurityFilterChain     : Creating filter chain: org.springframework.security.web.util.matcher.AnyRequestMatcher@1, [org.springframework.security.web.context.request.async.WebAsyncManagerIntegrationFilter@60f2ccff, org.springframework.security.web.context.SecurityContextPersistenceFilter@460b21de, org.springframework.security.web.header.HeaderWriterFilter@348ff699, org.springframework.security.web.authentication.logout.LogoutFilter@7bd7a49f, org.springframework.security.web.authentication.UsernamePasswordAuthenticationFilter@2db8ae22, org.springframework.security.web.savedrequest.RequestCacheAwareFilter@6594523a, org.springframework.security.web.servletapi.SecurityContextHolderAwareRequestFilter@56863a83, org.springframework.security.web.authentication.rememberme.RememberMeAuthenticationFilter@74d31311, org.springframework.security.web.authentication.AnonymousAuthenticationFilter@65771786, org.springframework.security.web.session.SessionManagementFilter@3e5444b4, org.springframework.security.web.access.ExceptionTranslationFilter@64e544d4, org.springframework.security.web.access.intercept.FilterSecurityInterceptor@70509bf6]
2018-07-16 21:55:10.784  INFO 6384 --- [restartedMain] s.w.s.m.m.a.RequestMappingHandlerMapping : Mapped "{[/chart/comChart],methods=[GET]}" onto public java.lang.String cn.edu.iip.nju.web.ChartController.comChart(org.springframework.ui.Model)
2018-07-16 21:55:10.800  INFO 6384 --- [restartedMain] s.w.s.m.m.a.RequestMappingHandlerMapping : Mapped "{[/chart/hosChart],methods=[GET]}" onto public java.lang.String cn.edu.iip.nju.web.ChartController.hosChart(org.springframework.ui.Model)
2018-07-16 21:55:10.800  INFO 6384 --- [restartedMain] s.w.s.m.m.a.RequestMappingHandlerMapping : Mapped "{[/chart/injureChart],methods=[GET]}" onto public java.lang.String cn.edu.iip.nju.web.ChartController.injureChart(org.springframework.ui.Model)
2018-07-16 21:55:10.800  INFO 6384 --- [restartedMain] s.w.s.m.m.a.RequestMappingHandlerMapping : Mapped "{[/chart/comProv],methods=[GET]}" onto public java.lang.String cn.edu.iip.nju.web.ChartController.comPov(org.springframework.ui.Model,java.lang.String)
2018-07-16 21:55:10.800  INFO 6384 --- [restartedMain] s.w.s.m.m.a.RequestMappingHandlerMapping : Mapped "{[/dataSource/hosUp],methods=[POST]}" onto public java.lang.String cn.edu.iip.nju.web.DataSourceController.uploadHosFile(org.springframework.web.multipart.MultipartFile,org.springframework.web.servlet.mvc.support.RedirectAttributes,org.springframework.ui.Model)
2018-07-16 21:55:10.800  INFO 6384 --- [restartedMain] s.w.s.m.m.a.RequestMappingHandlerMapping : Mapped "{[/com/detail],methods=[GET]}" onto public java.lang.String cn.edu.iip.nju.web.InjureCaseController.getComDetail(java.lang.String,org.springframework.ui.Model)
2018-07-16 21:55:10.800  INFO 6384 --- [restartedMain] s.w.s.m.m.a.RequestMappingHandlerMapping : Mapped "{[/productList],methods=[GET]}" onto public java.lang.String cn.edu.iip.nju.web.InjureCaseController.productList(org.springframework.ui.Model,cn.edu.iip.nju.model.vo.ProductNegListForm)
2018-07-16 21:55:10.800  INFO 6384 --- [restartedMain] s.w.s.m.m.a.RequestMappingHandlerMapping : Mapped "{[/hospital],methods=[GET]}" onto public java.lang.String cn.edu.iip.nju.web.InjureCaseController.hospotal(org.springframework.ui.Model,cn.edu.iip.nju.model.vo.HospitalForm)
2018-07-16 21:55:10.800  INFO 6384 --- [restartedMain] s.w.s.m.m.a.RequestMappingHandlerMapping : Mapped "{[/productList/productDetail],methods=[GET]}" onto public java.lang.String cn.edu.iip.nju.web.InjureCaseController.proDetail(org.springframework.ui.Model,cn.edu.iip.nju.model.vo.ProductNegListForm,java.lang.String)
2018-07-16 21:55:10.800  INFO 6384 --- [restartedMain] s.w.s.m.m.a.RequestMappingHandlerMapping : Mapped "{[/injurecase],methods=[GET]}" onto public java.lang.String cn.edu.iip.nju.web.InjureCaseController.injureCase(org.springframework.ui.Model,cn.edu.iip.nju.model.vo.InjureCaseForm)
2018-07-16 21:55:10.800  INFO 6384 --- [restartedMain] s.w.s.m.m.a.RequestMappingHandlerMapping : Mapped "{[/com/callbackDetail],methods=[GET]}" onto public java.lang.String cn.edu.iip.nju.web.InjureCaseController.getComCallbackDetail(java.lang.String,org.springframework.ui.Model)
2018-07-16 21:55:10.800  INFO 6384 --- [restartedMain] s.w.s.m.m.a.RequestMappingHandlerMapping : Mapped "{[/com],methods=[GET]}" onto public java.lang.String cn.edu.iip.nju.web.InjureCaseController.CompanyNegativeList(org.springframework.ui.Model,cn.edu.iip.nju.model.vo.CompanyForm)
2018-07-16 21:55:10.815  INFO 6384 --- [restartedMain] s.w.s.m.m.a.RequestMappingHandlerMapping : Mapped "{[/ || /index],methods=[GET]}" onto public java.lang.String cn.edu.iip.nju.web.MainController.index(org.springframework.ui.Model)
2018-07-16 21:55:10.815  INFO 6384 --- [restartedMain] s.w.s.m.m.a.RequestMappingHandlerMapping : Mapped "{[/signup],methods=[POST]}" onto public java.lang.String cn.edu.iip.nju.web.MainController.register(org.springframework.ui.Model,cn.edu.iip.nju.model.User,org.springframework.validation.Errors)
2018-07-16 21:55:10.815  INFO 6384 --- [restartedMain] s.w.s.m.m.a.RequestMappingHandlerMapping : Mapped "{[/test],methods=[GET]}" onto public java.lang.String cn.edu.iip.nju.web.MainController.test()
2018-07-16 21:55:10.815  INFO 6384 --- [restartedMain] s.w.s.m.m.a.RequestMappingHandlerMapping : Mapped "{[/temp],methods=[GET]}" onto public java.lang.String cn.edu.iip.nju.web.MainController.temp()
2018-07-16 21:55:10.815  INFO 6384 --- [restartedMain] s.w.s.m.m.a.RequestMappingHandlerMapping : Mapped "{[/setting],methods=[GET]}" onto public java.lang.String cn.edu.iip.nju.web.MainController.setting()
2018-07-16 21:55:10.815  INFO 6384 --- [restartedMain] s.w.s.m.m.a.RequestMappingHandlerMapping : Mapped "{[/login],methods=[GET]}" onto public java.lang.String cn.edu.iip.nju.web.MainController.login(java.lang.String,org.springframework.ui.Model)
2018-07-16 21:55:10.815  INFO 6384 --- [restartedMain] s.w.s.m.m.a.RequestMappingHandlerMapping : Mapped "{[/signup],methods=[GET]}" onto public java.lang.String cn.edu.iip.nju.web.MainController.signup(org.springframework.ui.Model)
2018-07-16 21:55:10.815  INFO 6384 --- [restartedMain] s.w.s.m.m.a.RequestMappingHandlerMapping : Mapped "{[/search],methods=[GET]}" onto public java.lang.String cn.edu.iip.nju.web.SearchController.processQuery(java.lang.String,org.springframework.ui.Model,java.lang.Integer,java.lang.String)
2018-07-16 21:55:10.815  INFO 6384 --- [restartedMain] s.w.s.m.m.a.RequestMappingHandlerMapping : Mapped "{[/solrtest]}" onto public java.lang.String cn.edu.iip.nju.web.SolrController.test() throws java.io.IOException,org.apache.solr.client.solrj.SolrServerException
2018-07-16 21:55:10.831  INFO 6384 --- [restartedMain] s.w.s.m.m.a.RequestMappingHandlerMapping : Mapped "{[/u/{id}],methods=[GET]}" onto public java.lang.String cn.edu.iip.nju.web.UserController.userInfo(java.lang.Integer,org.springframework.ui.Model)
2018-07-16 21:55:10.831  INFO 6384 --- [restartedMain] s.w.s.m.m.a.RequestMappingHandlerMapping : Mapped "{[/u/{id}/edit],methods=[GET]}" onto public java.lang.String cn.edu.iip.nju.web.UserController.edit(java.lang.Integer,org.springframework.ui.Model)
2018-07-16 21:55:10.831  INFO 6384 --- [restartedMain] s.w.s.m.m.a.RequestMappingHandlerMapping : Mapped "{[/u/edit],methods=[POST]}" onto public java.lang.String cn.edu.iip.nju.web.UserController.saveEditedUser(org.springframework.ui.Model,java.lang.String,java.lang.String,cn.edu.iip.nju.model.User,org.springframework.validation.Errors)
2018-07-16 21:55:10.831  INFO 6384 --- [restartedMain] s.w.s.m.m.a.RequestMappingHandlerMapping : Mapped "{[/u/{id}/searchHistory/delete],methods=[GET]}" onto public java.lang.String cn.edu.iip.nju.web.UserController.deleteHistory(java.lang.Integer,org.springframework.ui.Model)
2018-07-16 21:55:10.831  INFO 6384 --- [restartedMain] s.w.s.m.m.a.RequestMappingHandlerMapping : Mapped "{[/u/{id}/searchHistory],methods=[GET]}" onto public java.lang.String cn.edu.iip.nju.web.UserController.showUserSearchHistory(java.lang.Integer,org.springframework.ui.Model,java.lang.Integer,java.lang.Integer)
2018-07-16 21:55:10.831  INFO 6384 --- [restartedMain] s.w.s.m.m.a.RequestMappingHandlerMapping : Mapped "{[/error]}" onto public org.springframework.http.ResponseEntity<java.util.Map<java.lang.String, java.lang.Object>> org.springframework.boot.autoconfigure.web.BasicErrorController.error(javax.servlet.http.HttpServletRequest)
2018-07-16 21:55:10.831  INFO 6384 --- [restartedMain] s.w.s.m.m.a.RequestMappingHandlerMapping : Mapped "{[/error],produces=[text/html]}" onto public org.springframework.web.servlet.ModelAndView org.springframework.boot.autoconfigure.web.BasicErrorController.errorHtml(javax.servlet.http.HttpServletRequest,javax.servlet.http.HttpServletResponse)
2018-07-16 21:55:10.878  INFO 6384 --- [restartedMain] o.s.w.s.handler.SimpleUrlHandlerMapping  : Mapped URL path [/webjars/**] onto handler of type [class org.springframework.web.servlet.resource.ResourceHttpRequestHandler]
2018-07-16 21:55:10.878  INFO 6384 --- [restartedMain] o.s.w.s.handler.SimpleUrlHandlerMapping  : Mapped URL path [/**] onto handler of type [class org.springframework.web.servlet.resource.ResourceHttpRequestHandler]
2018-07-16 21:55:10.925  INFO 6384 --- [restartedMain] o.s.w.s.handler.SimpleUrlHandlerMapping  : Mapped URL path [/**/favicon.ico] onto handler of type [class org.springframework.web.servlet.resource.ResourceHttpRequestHandler]
2018-07-16 21:55:12.128  INFO 6384 --- [restartedMain] o.s.b.d.a.OptionalLiveReloadServer       : LiveReload server is running on port 35729
2018-07-16 21:55:12.190  INFO 6384 --- [restartedMain] o.s.j.e.a.AnnotationMBeanExporter        : Registering beans for JMX exposure on startup
2018-07-16 21:55:12.284  INFO 6384 --- [restartedMain] s.b.c.e.t.TomcatEmbeddedServletContainer : Tomcat started on port(s): 8889 (http)
2018-07-16 21:55:12.284  INFO 6384 --- [restartedMain] cn.edu.iip.nju.ZhijianjuApplication      : Started ZhijianjuApplication in 9.998 seconds (JVM running for 10.862)
2018-07-16 21:55:48.558  INFO 6384 --- [http-nio-8889-exec-1] o.a.c.c.C.[Tomcat].[localhost].[/]       : Initializing Spring FrameworkServlet 'dispatcherServlet'
2018-07-16 21:55:48.559  INFO 6384 --- [http-nio-8889-exec-1] o.s.web.servlet.DispatcherServlet        : FrameworkServlet 'dispatcherServlet': initialization started
2018-07-16 21:55:48.585  INFO 6384 --- [http-nio-8889-exec-1] o.s.web.servlet.DispatcherServlet        : FrameworkServlet 'dispatcherServlet': initialization completed in 25 ms
